<?xml version="1.0" encoding="UTF-8"?>
<testsuite name="edu.jsu.mcis.ConverterTest" tests="4" skipped="0" failures="0" errors="0" timestamp="2017-10-04T19:56:23" hostname="Abby-PC" time="0.218">
  <properties/>
  <testcase name="testConvertCSVtoJSON" classname="edu.jsu.mcis.ConverterTest" time="0.075"/>
  <testcase name="testConvertJSONtoCSVtoJSON" classname="edu.jsu.mcis.ConverterTest" time="0.096"/>
  <testcase name="testConvertCSVtoJSONtoCSV" classname="edu.jsu.mcis.ConverterTest" time="0.021"/>
  <testcase name="testConvertJSONtoCSV" classname="edu.jsu.mcis.ConverterTest" time="0.017"/>
  <system-out><![CDATA[]]></system-out>
  <system-err><![CDATA[]]></system-err>
</testsuite>
